<?xml version="1.0" encoding="UTF-8"?>
<!-- Generated by org.testng.reporters.JUnitReportReporter -->
<testsuite hostname="BDC4-L-F27H460" failures="0" tests="1" name="compliance.Functional.LoggingMonitoring" time="34.129" errors="0" timestamp="2022-07-12T13:32:13 IST" skipped="0">
  <testcase classname="compliance.Functional.LoggingMonitoring" name="cookieCheck" time="34.129"/>
</testsuite> <!-- compliance.Functional.LoggingMonitoring -->
