<?xml version="1.0" encoding="UTF-8"?>
<!-- Generated by org.testng.reporters.JUnitReportReporter -->
<testsuite hostname="BDC4-L-F27H460" failures="0" tests="1" name="compliance.Functional.roleBasedAccess" time="37.981" errors="0" timestamp="2022-06-20T13:44:37 IST" skipped="0">
  <testcase classname="compliance.Functional.roleBasedAccess" name="cookieCheck" time="37.981"/>
</testsuite> <!-- compliance.Functional.roleBasedAccess -->
