<?xml version="1.0" encoding="UTF-8"?>
<!-- Generated by org.testng.reporters.JUnitReportReporter -->
<testsuite hostname="BDC4-L-F27H460" failures="0" tests="1" name="compliance.Functional.SessionManagement" time="47.197" errors="0" timestamp="2021-09-02T13:12:05 IST" skipped="0">
  <testcase classname="compliance.Functional.SessionManagement" name="sessionTimeout" time="47.197"/>
</testsuite> <!-- compliance.Functional.SessionManagement -->
