<?xml version="1.0" encoding="UTF-8"?>
<!-- Generated by org.testng.reporters.JUnitReportReporter -->
<testsuite hostname="BDC4-L-F27H460" failures="0" tests="1" name="compliance.Functional.ChangePassword" time="56.423" errors="0" timestamp="2021-09-02T17:35:54 IST" skipped="0">
  <testcase classname="compliance.Functional.ChangePassword" name="cookieCheck" time="56.423"/>
</testsuite> <!-- compliance.Functional.ChangePassword -->
