<?xml version="1.0" encoding="UTF-8"?>
<!-- Generated by org.testng.reporters.JUnitReportReporter -->
<testsuite skipped="0" hostname="BDC4-L-F27H460" name="compliance.Functional.PrivacyStatement" tests="1" failures="0" timestamp="2021-07-22T11:44:46 IST" time="161.721" errors="0">
  <testcase name="privacy" time="161.721" classname="compliance.Functional.PrivacyStatement"/>
</testsuite> <!-- compliance.Functional.PrivacyStatement -->
