<?xml version="1.0" encoding="UTF-8"?>
<!-- Generated by org.testng.reporters.JUnitReportReporter -->
<testsuite hostname="BDC4-L-F27H460" failures="0" tests="1" name="compliance.PageObjMethods.EncryptionOfData" time="28.005" errors="0" timestamp="2022-06-23T18:41:38 IST" skipped="0">
  <testcase classname="compliance.PageObjMethods.EncryptionOfData" name="response" time="28.005"/>
</testsuite> <!-- compliance.PageObjMethods.EncryptionOfData -->
