<?xml version="1.0" encoding="UTF-8"?>
<!-- Generated by org.testng.reporters.JUnitReportReporter -->
<testsuite hostname="BDC4-L-F27H460" failures="0" tests="1" name="compliance.Functional.CrossSite" time="50.322" errors="0" timestamp="2021-09-06T12:39:41 IST" skipped="0">
  <testcase classname="compliance.Functional.CrossSite" name="cookieCheck" time="50.322"/>
</testsuite> <!-- compliance.Functional.CrossSite -->
