<?xml version="1.0" encoding="UTF-8"?>
<!-- Generated by org.testng.reporters.JUnitReportReporter -->
<testsuite skipped="0" hostname="BDC4-L-F27H460" name="compliance.Functional.PasswordComplexity" tests="1" failures="0" timestamp="2021-07-13T18:55:47 IST" time="70.574" errors="0">
  <testcase name="passwordCheck" time="70.574" classname="compliance.Functional.PasswordComplexity"/>
</testsuite> <!-- compliance.Functional.PasswordComplexity -->
