<?xml version="1.0" encoding="UTF-8"?>
<!-- Generated by org.testng.reporters.JUnitReportReporter -->
<testsuite skipped="15" hostname="BDC4-L-F27H460" name="compliance.Functional.platformRun" tests="16" failures="0" timestamp="2021-07-13T14:07:31 IST" time="0.020" errors="1">
  <testcase name="platformValidLogin" time="0.000" classname="compliance.Functional.platformRun">
    <skipped/>
  </testcase> <!-- platformValidLogin -->
  <testcase name="initSetUp" time="0.020" classname="compliance.Functional.platformRun">
    <error type="java.lang.NullPointerException">
      <![CDATA[java.lang.NullPointerException
at java.util.Objects.requireNonNull(Unknown Source)
at org.openqa.selenium.support.ui.FluentWait.<init>(FluentWait.java:106)
at org.openqa.selenium.support.ui.WebDriverWait.<init>(WebDriverWait.java:85)
at org.openqa.selenium.support.ui.WebDriverWait.<init>(WebDriverWait.java:45)
at Generic.TestBase.CommonMethods.<init>(CommonMethods.java:24)
at sun.reflect.NativeConstructorAccessorImpl.newInstance0(Native Method)
at sun.reflect.NativeConstructorAccessorImpl.newInstance(Unknown Source)
at sun.reflect.DelegatingConstructorAccessorImpl.newInstance(Unknown Source)
at java.lang.reflect.Constructor.newInstance(Unknown Source)
at java.lang.Class.newInstance(Unknown Source)
at org.openqa.selenium.support.PageFactory.instantiatePage(PageFactory.java:131)
at org.openqa.selenium.support.PageFactory.initElements(PageFactory.java:64)
at compliance.Functional.platformRun.initSetUp(platformRun.java:33)
at sun.reflect.NativeMethodAccessorImpl.invoke0(Native Method)
at sun.reflect.NativeMethodAccessorImpl.invoke(Unknown Source)
at sun.reflect.DelegatingMethodAccessorImpl.invoke(Unknown Source)
at java.lang.reflect.Method.invoke(Unknown Source)
at org.testng.internal.MethodInvocationHelper.invokeMethod(MethodInvocationHelper.java:133)
at org.testng.internal.MethodInvocationHelper.invokeMethodConsideringTimeout(MethodInvocationHelper.java:62)
at org.testng.internal.ConfigInvoker.invokeConfigurationMethod(ConfigInvoker.java:340)
at org.testng.internal.ConfigInvoker.invokeConfigurations(ConfigInvoker.java:294)
at org.testng.internal.TestMethodWorker.invokeBeforeClassMethods(TestMethodWorker.java:176)
at org.testng.internal.TestMethodWorker.run(TestMethodWorker.java:122)
at java.util.ArrayList.forEach(Unknown Source)
at org.testng.TestRunner.privateRun(TestRunner.java:770)
at org.testng.TestRunner.run(TestRunner.java:591)
at org.testng.SuiteRunner.runTest(SuiteRunner.java:402)
at org.testng.SuiteRunner.runSequentially(SuiteRunner.java:396)
at org.testng.SuiteRunner.privateRun(SuiteRunner.java:355)
at org.testng.SuiteRunner.run(SuiteRunner.java:304)
at org.testng.SuiteRunnerWorker.runSuite(SuiteRunnerWorker.java:53)
at org.testng.SuiteRunnerWorker.run(SuiteRunnerWorker.java:96)
at org.testng.TestNG.runSuitesSequentially(TestNG.java:1180)
at org.testng.TestNG.runSuitesLocally(TestNG.java:1102)
at org.testng.TestNG.runSuites(TestNG.java:1032)
at org.testng.TestNG.run(TestNG.java:1000)
at org.testng.remote.AbstractRemoteTestNG.run(AbstractRemoteTestNG.java:115)
at org.testng.remote.RemoteTestNG.initAndRun(RemoteTestNG.java:251)
at org.testng.remote.RemoteTestNG.main(RemoteTestNG.java:77)
]]>
    </error>
  </testcase> <!-- initSetUp -->
  <testcase name="nameCheck" time="0.000" classname="compliance.Functional.platformRun">
    <skipped/>
  </testcase> <!-- nameCheck -->
  <testcase name="emailCheck" time="0.000" classname="compliance.Functional.platformRun">
    <skipped/>
  </testcase> <!-- emailCheck -->
  <testcase name="password" time="0.000" classname="compliance.Functional.platformRun">
    <skipped/>
  </testcase> <!-- password -->
  <testcase name="Toolname" time="0.000" classname="compliance.Functional.platformRun">
    <skipped/>
  </testcase> <!-- Toolname -->
  <testcase name="Displayname" time="0.000" classname="compliance.Functional.platformRun">
    <skipped/>
  </testcase> <!-- Displayname -->
  <testcase name="Description" time="0.000" classname="compliance.Functional.platformRun">
    <skipped/>
  </testcase> <!-- Description -->
  <testcase name="Version" time="0.000" classname="compliance.Functional.platformRun">
    <skipped/>
  </testcase> <!-- Version -->
  <testcase name="URL" time="0.000" classname="compliance.Functional.platformRun">
    <skipped/>
  </testcase> <!-- URL -->
  <testcase name="custompipelinecartridgename" time="0.000" classname="compliance.Functional.platformRun">
    <skipped/>
  </testcase> <!-- custompipelinecartridgename -->
  <testcase name="custompipelineversion" time="0.000" classname="compliance.Functional.platformRun">
    <skipped/>
  </testcase> <!-- custompipelineversion -->
  <testcase name="custompipelinename" time="0.000" classname="compliance.Functional.platformRun">
    <skipped/>
  </testcase> <!-- custompipelinename -->
  <testcase name="custompipelinepath" time="0.000" classname="compliance.Functional.platformRun">
    <skipped/>
  </testcase> <!-- custompipelinepath -->
  <testcase name="addLdapUser" time="0.000" classname="compliance.Functional.platformRun">
    <skipped/>
  </testcase> <!-- addLdapUser -->
  <testcase name="passwordCheck" time="0.000" classname="compliance.Functional.platformRun">
    <skipped/>
  </testcase> <!-- passwordCheck -->
</testsuite> <!-- compliance.Functional.platformRun -->
