<?xml version="1.0" encoding="UTF-8"?>
<!-- Generated by org.testng.reporters.JUnitReportReporter -->
<testsuite skipped="0" hostname="BDC4-L-F27H460" name="compliance.Functional.UnrestrictedLength" tests="13" failures="0" timestamp="2021-07-23T13:52:15 IST" time="914.247" errors="0">
  <testcase name="platformValidLogin" time="31.904" classname="compliance.Functional.UnrestrictedLength"/>
  <testcase name="nameCheck" time="53.788" classname="compliance.Functional.UnrestrictedLength"/>
  <testcase name="emailCheck" time="43.842" classname="compliance.Functional.UnrestrictedLength"/>
  <testcase name="password" time="65.251" classname="compliance.Functional.UnrestrictedLength"/>
  <testcase name="Toolname" time="69.129" classname="compliance.Functional.UnrestrictedLength"/>
  <testcase name="Displayname" time="69.084" classname="compliance.Functional.UnrestrictedLength"/>
  <testcase name="Description" time="54.290" classname="compliance.Functional.UnrestrictedLength"/>
  <testcase name="Version" time="121.534" classname="compliance.Functional.UnrestrictedLength"/>
  <testcase name="URL" time="94.952" classname="compliance.Functional.UnrestrictedLength"/>
  <testcase name="custompipelinecartridgename" time="94.370" classname="compliance.Functional.UnrestrictedLength"/>
  <testcase name="custompipelineversion" time="74.224" classname="compliance.Functional.UnrestrictedLength"/>
  <testcase name="custompipelinename" time="109.482" classname="compliance.Functional.UnrestrictedLength"/>
  <testcase name="custompipelinepath" time="32.397" classname="compliance.Functional.UnrestrictedLength"/>
</testsuite> <!-- compliance.Functional.UnrestrictedLength -->
