<?xml version="1.0" encoding="UTF-8"?>
<!-- Generated by org.testng.reporters.JUnitReportReporter -->
<testsuite hostname="BDC4-L-F27H460" failures="0" tests="1" name="compliance.Functional.TestingMFA" time="45.600" errors="0" timestamp="2021-09-02T13:04:10 IST" skipped="0">
  <testcase classname="compliance.Functional.TestingMFA" name="cookieCheck" time="45.600"/>
</testsuite> <!-- compliance.Functional.TestingMFA -->
