<?xml version="1.0" encoding="UTF-8"?>
<!-- Generated by org.testng.reporters.JUnitReportReporter -->
<testsuite hostname="BDC4-L-F27H460" failures="0" tests="1" name="compliance.Functional.SSLLABS" time="18.097" errors="0" timestamp="2021-10-23T16:59:43 IST" skipped="0">
  <testcase classname="compliance.Functional.SSLLABS" name="SSLUrlSearch" time="18.097"/>
</testsuite> <!-- compliance.Functional.SSLLABS -->
