<?xml version="1.0" encoding="UTF-8"?>
<!-- Generated by org.testng.reporters.JUnitReportReporter -->
<testsuite hostname="BDC4-L-F27H460" failures="0" tests="2" name="compliance.PageObjMethods.TransmissionEncrytptionOfData" time="104.886" errors="0" timestamp="2021-10-25T17:44:10 IST" skipped="0">
  <testcase classname="compliance.PageObjMethods.TransmissionEncrytptionOfData" name="response" time="53.104"/>
  <testcase classname="compliance.PageObjMethods.TransmissionEncrytptionOfData" name="AuthResponse" time="51.782"/>
</testsuite> <!-- compliance.PageObjMethods.TransmissionEncrytptionOfData -->
