<?xml version="1.0" encoding="UTF-8"?>
<!-- Generated by org.testng.reporters.JUnitReportReporter -->
<testsuite hostname="BDC4-L-F27H460" failures="0" tests="1" name="compliance.Functional.Running" time="25.911" errors="0" timestamp="2021-06-25T13:06:29 IST" skipped="0">
  <testcase classname="compliance.Functional.Running" name="platformValidLogin" time="25.911"/>
</testsuite> <!-- compliance.Functional.Running -->
