<?xml version="1.0" encoding="UTF-8"?>
<!-- Generated by org.testng.reporters.JUnitReportReporter -->
<testsuite skipped="0" hostname="BDC4-L-F27H460" name="compliance.Functional.policy" tests="1" failures="0" timestamp="2021-07-22T12:45:40 IST" time="31.305" errors="0">
  <testcase name="platformValidLogin" time="31.305" classname="compliance.Functional.policy"/>
</testsuite> <!-- compliance.Functional.policy -->
