<?xml version="1.0" encoding="UTF-8"?>
<!-- Generated by org.testng.reporters.JUnitReportReporter -->
<testsuite hostname="BDC4-L-F27H460" failures="0" tests="1" name="compliance.Functional.VerifyPasswordEncryption" time="97.423" errors="0" timestamp="2022-06-27T12:21:13 IST" skipped="0">
  <testcase classname="compliance.Functional.VerifyPasswordEncryption" name="clearTextPass" time="97.423"/>
</testsuite> <!-- compliance.Functional.VerifyPasswordEncryption -->
