<?xml version="1.0" encoding="UTF-8"?>
<!-- Generated by org.testng.reporters.JUnitReportReporter -->
<testsuite hostname="BDC4-L-F27H460" failures="0" tests="1" name="compliance.Functional.CookieValidation" time="104.507" errors="0" timestamp="2021-11-22T13:41:08 IST" skipped="0">
  <testcase classname="compliance.Functional.CookieValidation" name="cookieCheck" time="104.507"/>
</testsuite> <!-- compliance.Functional.CookieValidation -->
