<?xml version="1.0" encoding="UTF-8"?>
<!-- Generated by org.testng.reporters.JUnitReportReporter -->
<testsuite hostname="BDC4-L-F27H460" failures="0" tests="1" name="compliance.Functional.SingleSignOn" time="49.507" errors="0" timestamp="2022-06-25T14:37:37 IST" skipped="0">
  <testcase classname="compliance.Functional.SingleSignOn" name="cookieCheck" time="49.507"/>
</testsuite> <!-- compliance.Functional.SingleSignOn -->
