<?xml version="1.0" encoding="UTF-8"?>
<!-- Generated by org.testng.reporters.JUnitReportReporter -->
<testsuite hostname="BDC4-L-F27H460" failures="0" tests="1" name="compliance.Functional.CookieAcceptance" time="34.057" errors="0" timestamp="2022-06-22T15:44:17 IST" skipped="0">
  <testcase classname="compliance.Functional.CookieAcceptance" name="cookieCheck" time="34.057"/>
</testsuite> <!-- compliance.Functional.CookieAcceptance -->
