<?xml version="1.0" encoding="UTF-8"?>
<!-- Generated by org.testng.reporters.JUnitReportReporter -->
<testsuite hostname="BDC4-L-F27H460" failures="0" tests="1" name="compliance.Functional.LegalContractual" time="6.282" errors="0" timestamp="2022-06-22T12:00:14 IST" skipped="0">
  <testcase classname="compliance.Functional.LegalContractual" name="platformValidLogin" time="6.282"/>
</testsuite> <!-- compliance.Functional.LegalContractual -->
