<?xml version="1.0" encoding="UTF-8"?>
<!-- Generated by org.testng.reporters.JUnitReportReporter -->
<testsuite hostname="BDC4-L-F27H460" failures="0" tests="1" name="compliance.Functional.DataMasking" time="17.623" errors="0" timestamp="2022-06-23T11:54:25 IST" skipped="0">
  <testcase classname="compliance.Functional.DataMasking" name="platformValidLogin" time="17.623"/>
</testsuite> <!-- compliance.Functional.DataMasking -->
