<?xml version="1.0" encoding="UTF-8"?>
<!-- Generated by org.testng.reporters.JUnitReportReporter -->
<testsuite skipped="0" hostname="BDC4-L-F27H460" name="compliance.Functional.SessionExpire" tests="1" failures="0" timestamp="2021-07-23T12:55:57 IST" time="26.058" errors="0">
  <testcase name="sessionTimeout" time="26.058" classname="compliance.Functional.SessionExpire"/>
</testsuite> <!-- compliance.Functional.SessionExpire -->
