<?xml version="1.0" encoding="UTF-8"?>
<!-- Generated by org.testng.reporters.JUnitReportReporter -->
<testsuite hostname="BDC4-L-F27H460" failures="0" tests="1" name="compliance.Functional.PurposeLimitation" time="102.769" errors="0" timestamp="2022-09-21T20:01:50 IST" skipped="0">
  <testcase classname="compliance.Functional.PurposeLimitation" name="Purpose_limitation" time="102.769"/>
</testsuite> <!-- compliance.Functional.PurposeLimitation -->
