<?xml version="1.0" encoding="UTF-8"?>
<!-- Generated by org.testng.reporters.JUnitReportReporter -->
<testsuite hostname="BDC4-L-F27H460" failures="0" tests="1" name="compliance.Functional.NoticePrivacy" time="33.626" errors="0" timestamp="2021-11-23T12:12:55 IST" skipped="0">
  <testcase classname="compliance.Functional.NoticePrivacy" name="platformValidLogin" time="33.626"/>
</testsuite> <!-- compliance.Functional.NoticePrivacy -->
