<?xml version="1.0" encoding="UTF-8"?>
<!-- Generated by org.testng.reporters.JUnitReportReporter -->
<testsuite hostname="BDC4-L-F27H460" failures="0" tests="1" name="compliance.PageObjMethods.DataInTransit_Encrypt" time="6.301" errors="0" timestamp="2022-08-08T12:42:02 IST" skipped="0">
  <testcase classname="compliance.PageObjMethods.DataInTransit_Encrypt" name="transitEncrypt" time="6.301"/>
</testsuite> <!-- compliance.PageObjMethods.DataInTransit_Encrypt -->
