<?xml version="1.0" encoding="UTF-8"?>
<!-- Generated by org.testng.reporters.JUnitReportReporter -->
<testsuite skipped="0" hostname="BDC4-L-F27H460" name="compliance.Functional.PasswordHistoryPolicy" tests="1" failures="0" timestamp="2021-07-29T12:26:03 IST" time="79.832" errors="0">
  <testcase name="passwordHistoryPolicy" time="79.832" classname="compliance.Functional.PasswordHistoryPolicy"/>
</testsuite> <!-- compliance.Functional.PasswordHistoryPolicy -->
