<?xml version="1.0" encoding="UTF-8"?>
<!-- Generated by org.testng.reporters.JUnitReportReporter -->
<testsuite skipped="0" hostname="BDC4-L-F27H460" name="compliance.Functional.ClearTextPassword" tests="3" failures="0" timestamp="2021-07-23T15:39:42 IST" time="232.862" errors="0">
  <testcase name="platformValidLogin" time="49.139" classname="compliance.Functional.ClearTextPassword"/>
  <testcase name="addLdapUser" time="96.436" classname="compliance.Functional.ClearTextPassword"/>
  <testcase name="passwordCheck" time="87.287" classname="compliance.Functional.ClearTextPassword"/>
</testsuite> <!-- compliance.Functional.ClearTextPassword -->
