<?xml version="1.0" encoding="UTF-8"?>
<!-- Generated by org.testng.reporters.JUnitReportReporter -->
<testsuite hostname="BDC4-L-F27H460" failures="0" tests="1" name="compliance.Functional.Authentication_test" time="35.437" errors="0" timestamp="2022-06-20T19:28:54 IST" skipped="0">
  <testcase classname="compliance.Functional.Authentication_test" name="platformValidLogin" time="35.437"/>
</testsuite> <!-- compliance.Functional.Authentication_test -->
