<?xml version="1.0" encoding="UTF-8"?>
<!-- Generated by org.testng.reporters.JUnitReportReporter -->
<testsuite hostname="BDC4-L-F27H460" failures="0" tests="1" name="compliance.Functional.DataInTransitEncrypt" time="4.575" errors="0" timestamp="2022-09-23T16:27:40 IST" skipped="0">
  <testcase classname="compliance.Functional.DataInTransitEncrypt" name="dataDisposal" time="4.575"/>
</testsuite> <!-- compliance.Functional.DataInTransitEncrypt -->
