<?xml version="1.0" encoding="UTF-8"?>
<!-- Generated by org.testng.reporters.JUnitReportReporter -->
<testsuite skipped="0" hostname="BDC4-L-F27H460" name="compliance.PageObjMethods.API_new" tests="2" failures="0" timestamp="2021-07-28T15:43:53 IST" time="141.477" errors="0">
  <testcase name="response1" time="1.482" classname="compliance.PageObjMethods.API_new"/>
  <testcase name="response" time="139.995" classname="compliance.PageObjMethods.API_new"/>
</testsuite> <!-- compliance.PageObjMethods.API_new -->
