<?xml version="1.0" encoding="UTF-8"?>
<!-- Generated by org.testng.reporters.JUnitReportReporter -->
<testsuite hostname="BDC4-L-F27H460" failures="0" tests="1" name="compliance.Functional.PasswordComplexity_keycloak" time="117.593" errors="0" timestamp="2022-06-17T15:51:05 IST" skipped="0">
  <testcase classname="compliance.Functional.PasswordComplexity_keycloak" name="passwordCheck" time="117.593"/>
</testsuite> <!-- compliance.Functional.PasswordComplexity_keycloak -->
