<?xml version="1.0" encoding="UTF-8"?>
<!-- Generated by org.testng.reporters.JUnitReportReporter -->
<testsuite hostname="BDC4-L-F27H460" failures="0" tests="1" name="compliance.Functional.DataTransferPolicy" time="83.166" errors="0" timestamp="2022-09-21T18:38:04 IST" skipped="0">
  <testcase classname="compliance.Functional.DataTransferPolicy" name="dataTransferPolicy" time="83.166"/>
</testsuite> <!-- compliance.Functional.DataTransferPolicy -->
